2021/04/10 22:43:21 {"callers":["C:/Users/root/go/src/blog-service/main.go: 27 main.init.0"],"level":"info","message":"gaohongzhi:go-programming-language","time":1618065801976453100}
2021/04/10 22:51:18 {"callers":["C:/Users/root/go/src/blog-service/main.go: 27 main.init.0"],"level":"info","message":"gaohongzhi:go-programming-language","time":1618066278093462200}
2021/04/10 23:08:19 {"callers":["C:/Users/root/go/src/blog-service/main.go: 27 main.init.0"],"level":"info","message":"gaohongzhi:go-programming-language","time":1618067299428451700}
2021/04/10 23:12:04 {"callers":["C:/Users/root/go/src/blog-service/main.go: 27 main.init.0"],"level":"info","message":"gaohongzhi:go-programming-language","time":1618067524581336100}
2021/04/10 23:26:18 {"callers":["C:/Users/root/go/src/blog-service/main.go: 27 main.init.0"],"level":"info","message":"gaohongzhi:go-programming-language","time":1618068378260220300}
2021/04/10 23:28:35 {"callers":["C:/Users/root/go/src/blog-service/main.go: 27 main.init.0"],"level":"info","message":"gaohongzhi:go-programming-language","time":1618068515499521000}
2021/04/10 23:45:49 {"callers":["C:/Users/root/go/src/blog-service/main.go: 27 main.init.0"],"level":"info","message":"gaohongzhi:go-programming-language","time":1618069549205892400}
2021/04/10 23:49:58 {"callers":["C:/Users/root/go/src/blog-service/main.go: 27 main.init.0"],"level":"info","message":"gaohongzhi:go-programming-language","time":1618069798774909800}
2021/04/10 23:51:26 {"callers":["C:/Users/root/go/src/blog-service/main.go: 27 main.init.0"],"level":"info","message":"gaohongzhi:go-programming-language","time":1618069886722257000}
2021/04/10 23:51:56 {"callers":["C:/Users/root/go/src/blog-service/main.go: 27 main.init.0"],"level":"info","message":"gaohongzhi:go-programming-language","time":1618069916534098600}
2021/04/11 14:47:34 {"callers":["C:/Users/root/go/src/blog-service/main.go: 27 main.init.0"],"level":"info","message":"gaohongzhi:go-programming-language","time":1618123654421836100}
2021/04/11 14:50:10 {"callers":["C:/Users/root/go/src/blog-service/main.go: 27 main.init.0"],"level":"debug","message":"app.BindAndValid errs: State必须是[0 1]中的一个","time":1618123810457129300}
2021/04/11 14:57:01 {"callers":["C:/Users/root/go/src/blog-service/main.go: 27 main.init.0"],"level":"debug","message":"app.BindAndValid errs: Name长度不能超过100个字符","time":1618124221800325200}
2021/04/15 21:39:18 {"callers":["C:/Users/root/go/src/blog-service/main.go: 27 main.init.0"],"level":"info","message":"gaohongzhi:go-programming-language","time":1618493958024345000}
2021/04/15 21:41:30 {"callers":["C:/Users/root/go/src/blog-service/main.go: 27 main.init.0"],"level":"info","message":"gaohongzhi:go-programming-language","time":1618494090771588900}
2021/04/15 21:42:07 {"callers":["C:/Users/root/go/src/blog-service/main.go: 27 main.init.0"],"level":"debug","message":"app.BindAndValid errs: Name为必填字段","time":1618494127133255800}
2021/04/15 21:42:58 {"callers":["C:/Users/root/go/src/blog-service/main.go: 27 main.init.0"],"level":"debug","message":"app.BindAndValid errs: Name为必填字段","time":1618494178277187200}
2021/04/15 21:43:23 {"callers":["C:/Users/root/go/src/blog-service/main.go: 27 main.init.0"],"level":"debug","message":"app.BindAndValid errs: Name为必填字段","time":1618494203047389500}
2021/04/15 21:49:13 {"callers":["C:/Users/root/go/src/blog-service/main.go: 27 main.init.0"],"level":"debug","message":"app.BindAndValid errs: Name为必填字段","time":1618494553099911600}
2021/04/15 21:51:13 {"callers":["C:/Users/root/go/src/blog-service/main.go: 27 main.init.0"],"level":"debug","message":"app.BindAndValid errs: CreatedBy为必填字段,Name长度必须至少为3个字符","time":1618494673421946000}
2021/04/15 21:51:21 {"callers":["C:/Users/root/go/src/blog-service/main.go: 27 main.init.0"],"level":"debug","message":"app.BindAndValid errs: Name长度必须至少为3个字符,CreatedBy为必填字段","time":1618494681364125000}
2021/04/16 12:34:51 {"callers":["C:/Users/root/go/src/blog-service/main.go: 27 main.init.0"],"level":"info","message":"\u0026{debug 8001 1m0s 1m0s} \u0026{mysql root  159.75.42.150:3306 blog_service blog_ utf8 true 10 30} \u0026{10 100 10 storage/logs app .log}","time":1618547691941519800}
2021/04/16 12:34:51 {"callers":["C:/Users/root/go/src/blog-service/main.go: 27 main.init.0"],"level":"info","message":"gaohongzhi:go-programming-language","time":1618547691941519800}
2021/04/16 12:38:30 {"callers":["C:/Users/root/go/src/blog-service/main.go: 27 main.init.0"],"level":"debug","message":"app.BindAndValid errs: ","time":1618547910593809300}
2021/04/16 12:42:44 {"callers":["C:/Users/root/go/src/blog-service/main.go: 27 main.init.0"],"level":"debug","message":"app.BindAndValid errs: Name为必填字段","time":1618548164609989700}
2021/04/16 12:42:55 {"callers":["C:/Users/root/go/src/blog-service/main.go: 27 main.init.0"],"level":"debug","message":"app.BindAndValid errs: Name为必填字段","time":1618548175470400600}
2021/04/16 12:43:02 {"callers":["C:/Users/root/go/src/blog-service/main.go: 27 main.init.0"],"level":"debug","message":"app.BindAndValid errs: Name为必填字段","time":1618548182820531400}
2021/04/16 12:43:07 {"callers":["C:/Users/root/go/src/blog-service/main.go: 27 main.init.0"],"level":"debug","message":"app.BindAndValid errs: CreatedBy为必填字段,Name为必填字段","time":1618548187887364700}
2021/04/16 12:43:16 {"callers":["C:/Users/root/go/src/blog-service/main.go: 27 main.init.0"],"level":"debug","message":"svc.CreateTag err: Error 1146: Table 'blog_service.tag' doesn't exist","time":1618548196047860800}
2021/04/16 12:47:00 {"callers":["C:/Users/root/go/src/blog-service/main.go: 27 main.init.0"],"level":"debug","message":"app.BindAndValid errs: CreatedBy为必填字段","time":1618548420692504100}
2021/04/16 12:48:13 {"callers":["C:/Users/root/go/src/blog-service/main.go: 27 main.init.0"],"level":"debug","message":"app.BindAndValid errs: CreatedBy为必填字段","time":1618548493306258100}
2021/04/16 12:48:31 {"callers":["C:/Users/root/go/src/blog-service/main.go: 27 main.init.0"],"level":"debug","message":"svc.CreateTag err: Error 1146: Table 'blog_service.tag' doesn't exist","time":1618548511413066900}
2021/04/16 13:19:30 {"callers":["C:/Users/root/go/src/blog-service/main.go: 27 main.init.0"],"level":"info","message":"\u0026{debug 8001 1m0s 1m0s} \u0026{mysql root  159.75.42.150:3306 blog_service blog_ utf8 true 10 30} \u0026{10 100 10 storage/logs app .log}","time":1618550370766804400}
2021/04/16 13:19:30 {"callers":["C:/Users/root/go/src/blog-service/main.go: 27 main.init.0"],"level":"info","message":"gaohongzhi:go-programming-language","time":1618550370766804400}
2021/04/16 13:50:25 {"callers":["C:/Users/root/go/src/blog-service/main.go: 27 main.init.0"],"level":"debug","message":"app.BindAndValid errs: State为必填字段,ModifiedBy为必填字段,Name长度必须至少为3个字符","time":1618552225822120400}
2021/04/16 13:51:28 {"callers":["C:/Users/root/go/src/blog-service/main.go: 27 main.init.0"],"level":"debug","message":"app.BindAndValid errs: State为必填字段,ModifiedBy为必填字段","time":1618552288588737200}
2021/04/16 13:53:28 {"callers":["C:/Users/root/go/src/blog-service/main.go: 27 main.init.0"],"level":"debug","message":"app.BindAndValid errs: ModifiedBy为必填字段","time":1618552408002945300}
2021/04/17 15:29:00 {"callers":["C:/Users/root/go/src/blog-service/main.go: 27 main.init.0"],"level":"info","message":"\u0026{debug 8001 1m0s 1m0s} \u0026{mysql root  159.75.42.150:3306 blog_service blog_ utf8 true 10 30} \u0026{10 100 10 storage/logs app .log}","time":1618644540291782500}
2021/04/17 15:29:00 {"callers":["C:/Users/root/go/src/blog-service/main.go: 27 main.init.0"],"level":"info","message":"gaohongzhi:go-programming-language","time":1618644540291782500}
2021/04/17 15:31:03 {"callers":["C:/Users/root/go/src/blog-service/main.go: 27 main.init.0"],"level":"info","message":"\u0026{debug 8001 1m0s 1m0s} \u0026{mysql root  159.75.42.150:3306 blog_service blog_ utf8 true 10 30} \u0026{10 100 10 storage/logs app .log}","time":1618644663164853500}
2021/04/17 15:31:03 {"callers":["C:/Users/root/go/src/blog-service/main.go: 27 main.init.0"],"level":"info","message":"gaohongzhi:go-programming-language","time":1618644663164853500}
2021/04/17 15:32:12 {"callers":["C:/Users/root/go/src/blog-service/main.go: 27 main.init.0"],"level":"debug","message":"app.BindAndValid errs: ","time":1618644732622151100}
2021/04/17 15:33:30 {"callers":["C:/Users/root/go/src/blog-service/main.go: 27 main.init.0"],"level":"debug","message":"app.BindAndValid errs: ","time":1618644810813731500}
2021/04/17 15:34:34 {"callers":["C:/Users/root/go/src/blog-service/main.go: 27 main.init.0"],"level":"debug","message":"app.BindAndValid errs: CreatedBy为必填字段,Title为必填字段","time":1618644874808904900}
2021/04/17 15:35:17 {"callers":["C:/Users/root/go/src/blog-service/main.go: 27 main.init.0"],"level":"debug","message":"app.BindAndValid errs: ","time":1618644917415365400}
2021/04/17 15:35:19 {"callers":["C:/Users/root/go/src/blog-service/main.go: 27 main.init.0"],"level":"debug","message":"app.BindAndValid errs: ","time":1618644919844462700}
2021/04/17 15:36:08 {"callers":["C:/Users/root/go/src/blog-service/main.go: 27 main.init.0"],"level":"debug","message":"app.BindAndValid errs: ","time":1618644968179952600}
2021/04/17 15:37:07 {"callers":["C:/Users/root/go/src/blog-service/main.go: 27 main.init.0"],"level":"debug","message":"svc.CreateArticle err: Error 1146: Table 'blog_service.blog_article' doesn't exist","time":1618645027260348100}
2021/04/17 15:37:46 {"callers":["C:/Users/root/go/src/blog-service/main.go: 27 main.init.0"],"level":"debug","message":"svc.CreateArticle err: Error 1146: Table 'blog_service.blog_article' doesn't exist","time":1618645066094294400}
2021/04/17 15:38:43 {"callers":["C:/Users/root/go/src/blog-service/main.go: 27 main.init.0"],"level":"info","message":"\u0026{debug 8001 1m0s 1m0s} \u0026{mysql root  159.75.42.150:3306 blog_service blog_ utf8 true 10 30} \u0026{10 100 10 storage/logs app .log}","time":1618645123262985400}
2021/04/17 15:38:43 {"callers":["C:/Users/root/go/src/blog-service/main.go: 27 main.init.0"],"level":"info","message":"gaohongzhi:go-programming-language","time":1618645123262985400}
2021/04/17 15:52:46 {"callers":["C:/Users/root/go/src/blog-service/main.go: 27 main.init.0"],"level":"debug","message":"app.BindAndValid errs: ","time":1618645966531112200}
2021/04/17 15:53:07 {"callers":["C:/Users/root/go/src/blog-service/main.go: 27 main.init.0"],"level":"debug","message":"app.BindAndValid errs: ","time":1618645987762114000}
2021/04/17 15:56:33 {"callers":["C:/Users/root/go/src/blog-service/main.go: 27 main.init.0"],"level":"info","message":"\u0026{debug 8001 1m0s 1m0s} \u0026{mysql root  159.75.42.150:3306 blog_service blog_ utf8 true 10 30} \u0026{10 100 10 storage/logs app .log}","time":1618646193058567500}
2021/04/17 15:56:33 {"callers":["C:/Users/root/go/src/blog-service/main.go: 27 main.init.0"],"level":"info","message":"gaohongzhi:go-programming-language","time":1618646193058567500}
2021/04/17 22:51:46 {"callers":["C:/Users/root/go/src/blog-service/main.go: 27 main.init.0"],"level":"info","message":"\u0026{debug 8001 1m0s 1m0s} \u0026{mysql root  159.75.42.150:3306 blog_service blog_ utf8 true 10 30} \u0026{10 100 10 storage/logs app .log}","time":1618671106162638600}
2021/04/17 22:51:46 {"callers":["C:/Users/root/go/src/blog-service/main.go: 27 main.init.0"],"level":"info","message":"gaohongzhi:go-programming-language","time":1618671106163637600}
2021/04/17 22:53:02 {"callers":["C:/Users/root/go/src/blog-service/main.go: 27 main.init.0"],"level":"debug","message":"app.BindAndValid errs: AppKey为必填字段,AppSecret为必填字段","time":1618671182304653700}
2021/04/17 22:53:24 {"callers":["C:/Users/root/go/src/blog-service/main.go: 27 main.init.0"],"level":"debug","message":"app.BindAndValid errs: AppKey为必填字段,AppSecret为必填字段","time":1618671204343954100}
2021/04/17 22:54:32 {"callers":["C:/Users/root/go/src/blog-service/main.go: 27 main.init.0"],"level":"debug","message":"svc.CheckAuth err: Error 1146: Table 'blog_service.blog_auth' doesn't exist","time":1618671272319435400}
2021/04/17 22:55:59 {"callers":["C:/Users/root/go/src/blog-service/main.go: 27 main.init.0"],"level":"debug","message":"svc.CheckAuth err: Error 1146: Table 'blog_service.blog_auth' doesn't exist","time":1618671359463245800}
2021/04/17 22:57:38 {"callers":["C:/Users/root/go/src/blog-service/main.go: 27 main.init.0"],"level":"info","message":"\u0026{debug 8001 1m0s 1m0s} \u0026{mysql root  159.75.42.150:3306 blog_service blog_ utf8 true 10 30} \u0026{10 100 10 storage/logs app .log}","time":1618671458666115900}
2021/04/17 22:57:38 {"callers":["C:/Users/root/go/src/blog-service/main.go: 27 main.init.0"],"level":"info","message":"gaohongzhi:go-programming-language","time":1618671458667113900}
2021/04/17 22:57:42 {"callers":["C:/Users/root/go/src/blog-service/main.go: 27 main.init.0"],"level":"info","message":"{\u003cnil\u003e eddycjy go-programming-tour-book}","time":1618671462223759000}
2021/04/17 22:57:42 {"callers":["C:/Users/root/go/src/blog-service/main.go: 27 main.init.0"],"level":"debug","message":"svc.CheckAuth err: Error 1146: Table 'blog_service.blog_auth' doesn't exist","time":1618671462231373800}
2021/04/17 22:58:34 {"callers":["C:/Users/root/go/src/blog-service/main.go: 27 main.init.0"],"level":"info","message":"\u0026{debug 8001 1m0s 1m0s} \u0026{mysql root  159.75.42.150:3306 blog_service blog_ utf8 true 10 30} \u0026{10 100 10 storage/logs app .log}","time":1618671514620803800}
2021/04/17 22:58:34 {"callers":["C:/Users/root/go/src/blog-service/main.go: 27 main.init.0"],"level":"info","message":"gaohongzhi:go-programming-language","time":1618671514620803800}
2021/04/17 22:58:44 {"callers":["C:/Users/root/go/src/blog-service/main.go: 27 main.init.0"],"level":"info","message":"{\u003cnil\u003e eddycjy go-programming-tour-book}","time":1618671524000303200}
2021/04/17 23:06:08 {"callers":["C:/Users/root/go/src/blog-service/main.go: 27 main.init.0"],"level":"info","message":"\u0026{debug 8001 1m0s 1m0s} \u0026{mysql root  159.75.42.150:3306 blog_service blog_ utf8 true 10 30} \u0026{10 100 10 storage/logs app .log}","time":1618671968527143000}
2021/04/17 23:06:08 {"callers":["C:/Users/root/go/src/blog-service/main.go: 27 main.init.0"],"level":"info","message":"gaohongzhi:go-programming-language","time":1618671968527143000}
2021/04/17 23:23:23 {"callers":["C:/Users/root/go/src/blog-service/main.go: 27 main.init.0"],"level":"debug","message":"app.BindAndValid errs: State为必填字段,ModifiedBy为必填字段","time":1618673003222885200}
2021/04/17 23:23:48 {"callers":["C:/Users/root/go/src/blog-service/main.go: 27 main.init.0"],"level":"debug","message":"app.BindAndValid errs: State为必填字段","time":1618673028823376200}
2021/04/17 23:24:17 {"callers":["C:/Users/root/go/src/blog-service/main.go: 27 main.init.0"],"level":"debug","message":"app.BindAndValid errs: State为必填字段","time":1618673057807093700}
2021/04/17 23:24:48 {"callers":["C:/Users/root/go/src/blog-service/main.go: 27 main.init.0"],"level":"debug","message":"app.BindAndValid errs: State为必填字段","time":1618673088071210600}
2021/04/17 23:25:21 {"callers":["C:/Users/root/go/src/blog-service/main.go: 27 main.init.0"],"level":"debug","message":"app.BindAndValid errs: State为必填字段","time":1618673121095890000}
2021/04/17 23:25:57 {"callers":["C:/Users/root/go/src/blog-service/main.go: 27 main.init.0"],"level":"debug","message":"app.BindAndValid errs: State为必填字段","time":1618673157688223000}
2021/04/17 23:27:12 {"callers":["C:/Users/root/go/src/blog-service/main.go: 27 main.init.0"],"level":"debug","message":"app.BindAndValid errs: State为必填字段","time":1618673232422254400}
2021/04/17 23:28:48 {"callers":["C:/Users/root/go/src/blog-service/main.go: 27 main.init.0"],"level":"debug","message":"app.BindAndValid errs: State为必填字段","time":1618673328205964500}
2021/04/17 23:31:22 {"callers":["C:/Users/root/go/src/blog-service/main.go: 27 main.init.0"],"level":"debug","message":"app.BindAndValid errs: State为必填字段","time":1618673482598306400}
2021/04/17 23:32:28 {"callers":["C:/Users/root/go/src/blog-service/main.go: 27 main.init.0"],"level":"debug","message":"app.BindAndValid errs: State为必填字段","time":1618673548526827100}
2021/04/17 23:33:38 {"callers":["C:/Users/root/go/src/blog-service/main.go: 27 main.init.0"],"level":"info","message":"\u0026{debug 8001 1m0s 1m0s} \u0026{mysql root  159.75.42.150:3306 blog_service blog_ utf8 true 10 30} \u0026{10 100 10 storage/logs app .log}","time":1618673618219495100}
2021/04/17 23:33:38 {"callers":["C:/Users/root/go/src/blog-service/main.go: 27 main.init.0"],"level":"info","message":"gaohongzhi:go-programming-language","time":1618673618219495100}
2021/04/17 23:33:45 {"callers":["C:/Users/root/go/src/blog-service/main.go: 27 main.init.0"],"level":"debug","message":"app.BindAndValid errs: State为必填字段","time":1618673625142832600}
2021/04/17 23:34:46 {"callers":["C:/Users/root/go/src/blog-service/main.go: 27 main.init.0"],"level":"debug","message":"app.BindAndValid errs: State为必填字段","time":1618673686687048900}
2021/04/17 23:34:51 {"callers":["C:/Users/root/go/src/blog-service/main.go: 27 main.init.0"],"level":"debug","message":"app.BindAndValid errs: Name长度必须至少为3个字符,State为必填字段,ModifiedBy为必填字段","time":1618673691230471500}
2021/04/17 23:35:31 {"callers":["C:/Users/root/go/src/blog-service/main.go: 27 main.init.0"],"level":"debug","message":"app.BindAndValid errs: Name长度必须至少为3个字符,State为必填字段,ModifiedBy为必填字段","time":1618673731814135200}
2021/04/17 23:36:19 {"callers":["C:/Users/root/go/src/blog-service/main.go: 27 main.init.0"],"level":"info","message":"\u0026{debug 8001 1m0s 1m0s} \u0026{mysql root  159.75.42.150:3306 blog_service blog_ utf8 true 10 30} \u0026{10 100 10 storage/logs app .log}","time":1618673779606225800}
2021/04/17 23:36:19 {"callers":["C:/Users/root/go/src/blog-service/main.go: 27 main.init.0"],"level":"info","message":"gaohongzhi:go-programming-language","time":1618673779607223300}
2021/04/17 23:36:22 {"callers":["C:/Users/root/go/src/blog-service/main.go: 27 main.init.0"],"level":"debug","message":"app.BindAndValid errs: ModifiedBy为必填字段,Name长度必须至少为3个字符","time":1618673782151805400}
2021/04/17 23:39:00 {"callers":["C:/Users/root/go/src/blog-service/main.go: 27 main.init.0"],"level":"info","message":"\u0026{debug 8001 1m0s 1m0s} \u0026{mysql root  159.75.42.150:3306 blog_service blog_ utf8 true 10 30} \u0026{10 100 10 storage/logs app .log}","time":1618673940855524900}
2021/04/17 23:39:00 {"callers":["C:/Users/root/go/src/blog-service/main.go: 27 main.init.0"],"level":"info","message":"gaohongzhi:go-programming-language","time":1618673940855524900}
2021/04/17 23:39:04 {"callers":["C:/Users/root/go/src/blog-service/main.go: 27 main.init.0"],"level":"debug","message":"app.BindAndValid errs: State为必填字段","time":1618673944966460200}
2021/04/27 22:30:01 {"callers":["C:/Users/root/go/src/blog-service/main.go: 27 main.init.0"],"level":"info","message":"\u0026{debug 8001 1m0s 1m0s} \u0026{mysql root  159.75.42.150:3306 blog_service blog_ utf8 true 10 30} \u0026{10 100 10 storage/logs app .log storage/uploads http://127.0.0.1:8001/static 5 [.jpg .jpeg .png]}","time":1619533801328442200}
2021/04/27 22:30:01 {"callers":["C:/Users/root/go/src/blog-service/main.go: 27 main.init.0"],"level":"info","message":"gaohongzhi:go-programming-language","time":1619533801331465800}
2021/04/27 22:37:22 {"callers":["C:/Users/root/go/src/blog-service/main.go: 27 main.init.0"],"level":"debug","message":"svc.UploadFile err: file suffix is not supported","time":1619534242080842400}
